<?xml version="1.0" encoding="UTF-8"?>
<!-- Generated by org.testng.reporters.JUnitReportReporter -->
<testsuite hostname="LAPTOP-URBL5M10" failures="0" tests="1" name="in.Amazon.testscripts.TestRunner" time="30.444" errors="0" timestamp="2022-08-25T21:48:08 EDT" skipped="0">
  <testcase classname="in.Amazon.testscripts.TestRunner" name="runScenario" time="30.444"/>
  <system-out/>
</testsuite> <!-- in.Amazon.testscripts.TestRunner -->
